2017-11-07 14:11:09 Error: [ParseError] syntax error, unexpected ';', expecting ',' or ')' in /Volumes/DATA/cake_install/vendor/cakephp/cakephp/src/Http/ControllerFactory.php on line 80
Stack Trace:
#0 /Volumes/DATA/cake_install/vendor/composer/ClassLoader.php(322): Composer\Autoload\includeFile('/Volumes/DATA/c...')
#1 [internal function]: Composer\Autoload\ClassLoader->loadClass('Cake\\Http\\Contr...')
#2 /Volumes/DATA/cake_install/vendor/cakephp/cakephp/src/Http/ActionDispatcher.php(63): spl_autoload_call('Cake\\Http\\Contr...')
#3 /Volumes/DATA/cake_install/vendor/cakephp/cakephp/src/Http/BaseApplication.php(118): Cake\Http\ActionDispatcher->__construct(NULL, NULL, Array)
#4 /Volumes/DATA/cake_install/vendor/cakephp/cakephp/src/Http/BaseApplication.php(108): Cake\Http\BaseApplication->getDispatcher()
#5 /Volumes/DATA/cake_install/vendor/cakephp/cakephp/src/Http/Runner.php(65): Cake\Http\BaseApplication->__invoke(Object(Cake\Http\ServerRequest), Object(Cake\Http\Response), Object(Cake\Http\Runner))
#6 /Volumes/DATA/cake_install/vendor/cakephp/cakephp/src/Routing/Middleware/RoutingMiddleware.php(104): Cake\Http\Runner->__invoke(Object(Cake\Http\ServerRequest), Object(Cake\Http\Response))
#7 /Volumes/DATA/cake_install/vendor/cakephp/cakephp/src/Http/Runner.php(65): Cake\Routing\Middleware\RoutingMiddleware->__invoke(Object(Cake\Http\ServerRequest), Object(Cake\Http\Response), Object(Cake\Http\Runner))
#8 /Volumes/DATA/cake_install/vendor/cakephp/cakephp/src/Routing/Middleware/AssetMiddleware.php(88): Cake\Http\Runner->__invoke(Object(Cake\Http\ServerRequest), Object(Cake\Http\Response))
#9 /Volumes/DATA/cake_install/vendor/cakephp/cakephp/src/Http/Runner.php(65): Cake\Routing\Middleware\AssetMiddleware->__invoke(Object(Cake\Http\ServerRequest), Object(Cake\Http\Response), Object(Cake\Http\Runner))
#10 /Volumes/DATA/cake_install/vendor/cakephp/cakephp/src/Error/Middleware/ErrorHandlerMiddleware.php(95): Cake\Http\Runner->__invoke(Object(Cake\Http\ServerRequest), Object(Cake\Http\Response))
#11 /Volumes/DATA/cake_install/vendor/cakephp/cakephp/src/Http/Runner.php(65): Cake\Error\Middleware\ErrorHandlerMiddleware->__invoke(Object(Cake\Http\ServerRequest), Object(Cake\Http\Response), Object(Cake\Http\Runner))
#12 /Volumes/DATA/cake_install/vendor/cakephp/cakephp/src/Http/Runner.php(51): Cake\Http\Runner->__invoke(Object(Cake\Http\ServerRequest), Object(Cake\Http\Response))
#13 /Volumes/DATA/cake_install/vendor/cakephp/cakephp/src/Http/Server.php(81): Cake\Http\Runner->run(Object(Cake\Http\MiddlewareQueue), Object(Cake\Http\ServerRequest), Object(Cake\Http\Response))
#14 /Volumes/DATA/projects/spc-usr.local/public_html/webroot/index.php(41): Cake\Http\Server->run()
#15 {main}


2017-11-07 14:11:09 Error: [ParseError] syntax error, unexpected ';', expecting ',' or ')' in /Volumes/DATA/cake_install/vendor/cakephp/cakephp/src/Http/ControllerFactory.php on line 80
Stack Trace:
#0 /Volumes/DATA/cake_install/vendor/composer/ClassLoader.php(322): Composer\Autoload\includeFile('/Volumes/DATA/c...')
#1 [internal function]: Composer\Autoload\ClassLoader->loadClass('Cake\\Http\\Contr...')
#2 /Volumes/DATA/cake_install/vendor/cakephp/cakephp/src/Http/ActionDispatcher.php(63): spl_autoload_call('Cake\\Http\\Contr...')
#3 /Volumes/DATA/cake_install/vendor/cakephp/cakephp/src/Http/BaseApplication.php(118): Cake\Http\ActionDispatcher->__construct(NULL, NULL, Array)
#4 /Volumes/DATA/cake_install/vendor/cakephp/cakephp/src/Http/BaseApplication.php(108): Cake\Http\BaseApplication->getDispatcher()
#5 /Volumes/DATA/cake_install/vendor/cakephp/cakephp/src/Http/Runner.php(65): Cake\Http\BaseApplication->__invoke(Object(Cake\Http\ServerRequest), Object(Cake\Http\Response), Object(Cake\Http\Runner))
#6 /Volumes/DATA/cake_install/vendor/cakephp/cakephp/src/Routing/Middleware/RoutingMiddleware.php(104): Cake\Http\Runner->__invoke(Object(Cake\Http\ServerRequest), Object(Cake\Http\Response))
#7 /Volumes/DATA/cake_install/vendor/cakephp/cakephp/src/Http/Runner.php(65): Cake\Routing\Middleware\RoutingMiddleware->__invoke(Object(Cake\Http\ServerRequest), Object(Cake\Http\Response), Object(Cake\Http\Runner))
#8 /Volumes/DATA/cake_install/vendor/cakephp/cakephp/src/Routing/Middleware/AssetMiddleware.php(88): Cake\Http\Runner->__invoke(Object(Cake\Http\ServerRequest), Object(Cake\Http\Response))
#9 /Volumes/DATA/cake_install/vendor/cakephp/cakephp/src/Http/Runner.php(65): Cake\Routing\Middleware\AssetMiddleware->__invoke(Object(Cake\Http\ServerRequest), Object(Cake\Http\Response), Object(Cake\Http\Runner))
#10 /Volumes/DATA/cake_install/vendor/cakephp/cakephp/src/Error/Middleware/ErrorHandlerMiddleware.php(95): Cake\Http\Runner->__invoke(Object(Cake\Http\ServerRequest), Object(Cake\Http\Response))
#11 /Volumes/DATA/cake_install/vendor/cakephp/cakephp/src/Http/Runner.php(65): Cake\Error\Middleware\ErrorHandlerMiddleware->__invoke(Object(Cake\Http\ServerRequest), Object(Cake\Http\Response), Object(Cake\Http\Runner))
#12 /Volumes/DATA/cake_install/vendor/cakephp/cakephp/src/Http/Runner.php(51): Cake\Http\Runner->__invoke(Object(Cake\Http\ServerRequest), Object(Cake\Http\Response))
#13 /Volumes/DATA/cake_install/vendor/cakephp/cakephp/src/Http/Server.php(81): Cake\Http\Runner->run(Object(Cake\Http\MiddlewareQueue), Object(Cake\Http\ServerRequest), Object(Cake\Http\Response))
#14 /Volumes/DATA/projects/spc-usr.local/public_html/webroot/index.php(41): Cake\Http\Server->run()
#15 {main}


2017-11-07 14:11:17 Warning: Warning (2): strpos() expects at least 2 parameters, 1 given in [/Volumes/DATA/cake_install/vendor/cakephp/cakephp/src/Http/ControllerFactory.php, line 80]
Request URL: /
Client IP: 127.0.0.1
Trace:
Cake\Error\BaseErrorHandler::handleError() - CORE/src/Error/BaseErrorHandler.php, line 153
strpos - [internal], line ??
Cake\Http\ControllerFactory::getControllerClass() - CORE/src/Http/ControllerFactory.php, line 80
Cake\Http\ControllerFactory::create() - CORE/src/Http/ControllerFactory.php, line 36
Cake\Http\ActionDispatcher::dispatch() - CORE/src/Http/ActionDispatcher.php, line 90
Cake\Http\BaseApplication::__invoke() - CORE/src/Http/BaseApplication.php, line 108
Cake\Http\Runner::__invoke() - CORE/src/Http/Runner.php, line 65
Cake\Routing\Middleware\RoutingMiddleware::__invoke() - CORE/src/Routing/Middleware/RoutingMiddleware.php, line 104
Cake\Http\Runner::__invoke() - CORE/src/Http/Runner.php, line 65
Cake\Routing\Middleware\AssetMiddleware::__invoke() - CORE/src/Routing/Middleware/AssetMiddleware.php, line 88
Cake\Http\Runner::__invoke() - CORE/src/Http/Runner.php, line 65
Cake\Error\Middleware\ErrorHandlerMiddleware::__invoke() - CORE/src/Error/Middleware/ErrorHandlerMiddleware.php, line 95
Cake\Http\Runner::__invoke() - CORE/src/Http/Runner.php, line 65
Cake\Http\Runner::run() - CORE/src/Http/Runner.php, line 51
Cake\Http\Server::run() - CORE/src/Http/Server.php, line 81
[main] - ROOT/webroot/index.php, line 41



2017-11-07 14:15:06 Error: [Cake\Routing\Exception\MissingControllerException] Controller class Pages could not be found.
Exception Attributes: array (
  'class' => 'Pages',
  'plugin' => false,
  'prefix' => false,
  '_ext' => false,
)
Request URL: /
Stack Trace:
#0 /Volumes/DATA/cake_install/vendor/cakephp/cakephp/src/Http/ControllerFactory.php(38): Cake\Http\ControllerFactory->missingController(Object(Cake\Http\ServerRequest))
#1 /Volumes/DATA/cake_install/vendor/cakephp/cakephp/src/Http/ActionDispatcher.php(90): Cake\Http\ControllerFactory->create(Object(Cake\Http\ServerRequest), Object(Cake\Http\Response))
#2 /Volumes/DATA/cake_install/vendor/cakephp/cakephp/src/Http/BaseApplication.php(108): Cake\Http\ActionDispatcher->dispatch(Object(Cake\Http\ServerRequest), Object(Cake\Http\Response))
#3 /Volumes/DATA/cake_install/vendor/cakephp/cakephp/src/Http/Runner.php(65): Cake\Http\BaseApplication->__invoke(Object(Cake\Http\ServerRequest), Object(Cake\Http\Response), Object(Cake\Http\Runner))
#4 /Volumes/DATA/cake_install/vendor/cakephp/cakephp/src/Routing/Middleware/RoutingMiddleware.php(104): Cake\Http\Runner->__invoke(Object(Cake\Http\ServerRequest), Object(Cake\Http\Response))
#5 /Volumes/DATA/cake_install/vendor/cakephp/cakephp/src/Http/Runner.php(65): Cake\Routing\Middleware\RoutingMiddleware->__invoke(Object(Cake\Http\ServerRequest), Object(Cake\Http\Response), Object(Cake\Http\Runner))
#6 /Volumes/DATA/cake_install/vendor/cakephp/cakephp/src/Routing/Middleware/AssetMiddleware.php(88): Cake\Http\Runner->__invoke(Object(Cake\Http\ServerRequest), Object(Cake\Http\Response))
#7 /Volumes/DATA/cake_install/vendor/cakephp/cakephp/src/Http/Runner.php(65): Cake\Routing\Middleware\AssetMiddleware->__invoke(Object(Cake\Http\ServerRequest), Object(Cake\Http\Response), Object(Cake\Http\Runner))
#8 /Volumes/DATA/cake_install/vendor/cakephp/cakephp/src/Error/Middleware/ErrorHandlerMiddleware.php(95): Cake\Http\Runner->__invoke(Object(Cake\Http\ServerRequest), Object(Cake\Http\Response))
#9 /Volumes/DATA/cake_install/vendor/cakephp/cakephp/src/Http/Runner.php(65): Cake\Error\Middleware\ErrorHandlerMiddleware->__invoke(Object(Cake\Http\ServerRequest), Object(Cake\Http\Response), Object(Cake\Http\Runner))
#10 /Volumes/DATA/cake_install/vendor/cakephp/cakephp/src/Http/Runner.php(51): Cake\Http\Runner->__invoke(Object(Cake\Http\ServerRequest), Object(Cake\Http\Response))
#11 /Volumes/DATA/cake_install/vendor/cakephp/cakephp/src/Http/Server.php(81): Cake\Http\Runner->run(Object(Cake\Http\MiddlewareQueue), Object(Cake\Http\ServerRequest), Object(Cake\Http\Response))
#12 /Volumes/DATA/projects/spc-usr.local/public_html/webroot/index.php(41): Cake\Http\Server->run()
#13 {main}


2017-11-07 14:16:12 Error: [Cake\Routing\Exception\MissingControllerException] Controller class Pages could not be found.
Exception Attributes: array (
  'class' => 'Pages',
  'plugin' => false,
  'prefix' => false,
  '_ext' => false,
)
Request URL: /
Stack Trace:
#0 /Volumes/DATA/cake_install/vendor/cakephp/cakephp/src/Http/ControllerFactory.php(38): Cake\Http\ControllerFactory->missingController(Object(Cake\Http\ServerRequest))
#1 /Volumes/DATA/cake_install/vendor/cakephp/cakephp/src/Http/ActionDispatcher.php(90): Cake\Http\ControllerFactory->create(Object(Cake\Http\ServerRequest), Object(Cake\Http\Response))
#2 /Volumes/DATA/cake_install/vendor/cakephp/cakephp/src/Http/BaseApplication.php(108): Cake\Http\ActionDispatcher->dispatch(Object(Cake\Http\ServerRequest), Object(Cake\Http\Response))
#3 /Volumes/DATA/cake_install/vendor/cakephp/cakephp/src/Http/Runner.php(65): Cake\Http\BaseApplication->__invoke(Object(Cake\Http\ServerRequest), Object(Cake\Http\Response), Object(Cake\Http\Runner))
#4 /Volumes/DATA/cake_install/vendor/cakephp/cakephp/src/Routing/Middleware/RoutingMiddleware.php(104): Cake\Http\Runner->__invoke(Object(Cake\Http\ServerRequest), Object(Cake\Http\Response))
#5 /Volumes/DATA/cake_install/vendor/cakephp/cakephp/src/Http/Runner.php(65): Cake\Routing\Middleware\RoutingMiddleware->__invoke(Object(Cake\Http\ServerRequest), Object(Cake\Http\Response), Object(Cake\Http\Runner))
#6 /Volumes/DATA/cake_install/vendor/cakephp/cakephp/src/Routing/Middleware/AssetMiddleware.php(88): Cake\Http\Runner->__invoke(Object(Cake\Http\ServerRequest), Object(Cake\Http\Response))
#7 /Volumes/DATA/cake_install/vendor/cakephp/cakephp/src/Http/Runner.php(65): Cake\Routing\Middleware\AssetMiddleware->__invoke(Object(Cake\Http\ServerRequest), Object(Cake\Http\Response), Object(Cake\Http\Runner))
#8 /Volumes/DATA/cake_install/vendor/cakephp/cakephp/src/Error/Middleware/ErrorHandlerMiddleware.php(95): Cake\Http\Runner->__invoke(Object(Cake\Http\ServerRequest), Object(Cake\Http\Response))
#9 /Volumes/DATA/cake_install/vendor/cakephp/cakephp/src/Http/Runner.php(65): Cake\Error\Middleware\ErrorHandlerMiddleware->__invoke(Object(Cake\Http\ServerRequest), Object(Cake\Http\Response), Object(Cake\Http\Runner))
#10 /Volumes/DATA/cake_install/vendor/cakephp/cakephp/src/Http/Runner.php(51): Cake\Http\Runner->__invoke(Object(Cake\Http\ServerRequest), Object(Cake\Http\Response))
#11 /Volumes/DATA/cake_install/vendor/cakephp/cakephp/src/Http/Server.php(81): Cake\Http\Runner->run(Object(Cake\Http\MiddlewareQueue), Object(Cake\Http\ServerRequest), Object(Cake\Http\Response))
#12 /Volumes/DATA/projects/spc-usr.local/public_html/webroot/index.php(41): Cake\Http\Server->run()
#13 {main}


2017-11-07 14:16:23 Error: [Cake\Routing\Exception\MissingControllerException] Controller class Pages could not be found.
Exception Attributes: array (
  'class' => 'Pages',
  'plugin' => false,
  'prefix' => false,
  '_ext' => false,
)
Request URL: /
Stack Trace:
#0 /Volumes/DATA/cake_install/vendor/cakephp/cakephp/src/Http/ControllerFactory.php(38): Cake\Http\ControllerFactory->missingController(Object(Cake\Http\ServerRequest))
#1 /Volumes/DATA/cake_install/vendor/cakephp/cakephp/src/Http/ActionDispatcher.php(90): Cake\Http\ControllerFactory->create(Object(Cake\Http\ServerRequest), Object(Cake\Http\Response))
#2 /Volumes/DATA/cake_install/vendor/cakephp/cakephp/src/Http/BaseApplication.php(108): Cake\Http\ActionDispatcher->dispatch(Object(Cake\Http\ServerRequest), Object(Cake\Http\Response))
#3 /Volumes/DATA/cake_install/vendor/cakephp/cakephp/src/Http/Runner.php(65): Cake\Http\BaseApplication->__invoke(Object(Cake\Http\ServerRequest), Object(Cake\Http\Response), Object(Cake\Http\Runner))
#4 /Volumes/DATA/cake_install/vendor/cakephp/cakephp/src/Routing/Middleware/RoutingMiddleware.php(104): Cake\Http\Runner->__invoke(Object(Cake\Http\ServerRequest), Object(Cake\Http\Response))
#5 /Volumes/DATA/cake_install/vendor/cakephp/cakephp/src/Http/Runner.php(65): Cake\Routing\Middleware\RoutingMiddleware->__invoke(Object(Cake\Http\ServerRequest), Object(Cake\Http\Response), Object(Cake\Http\Runner))
#6 /Volumes/DATA/cake_install/vendor/cakephp/cakephp/src/Routing/Middleware/AssetMiddleware.php(88): Cake\Http\Runner->__invoke(Object(Cake\Http\ServerRequest), Object(Cake\Http\Response))
#7 /Volumes/DATA/cake_install/vendor/cakephp/cakephp/src/Http/Runner.php(65): Cake\Routing\Middleware\AssetMiddleware->__invoke(Object(Cake\Http\ServerRequest), Object(Cake\Http\Response), Object(Cake\Http\Runner))
#8 /Volumes/DATA/cake_install/vendor/cakephp/cakephp/src/Error/Middleware/ErrorHandlerMiddleware.php(95): Cake\Http\Runner->__invoke(Object(Cake\Http\ServerRequest), Object(Cake\Http\Response))
#9 /Volumes/DATA/cake_install/vendor/cakephp/cakephp/src/Http/Runner.php(65): Cake\Error\Middleware\ErrorHandlerMiddleware->__invoke(Object(Cake\Http\ServerRequest), Object(Cake\Http\Response), Object(Cake\Http\Runner))
#10 /Volumes/DATA/cake_install/vendor/cakephp/cakephp/src/Http/Runner.php(51): Cake\Http\Runner->__invoke(Object(Cake\Http\ServerRequest), Object(Cake\Http\Response))
#11 /Volumes/DATA/cake_install/vendor/cakephp/cakephp/src/Http/Server.php(81): Cake\Http\Runner->run(Object(Cake\Http\MiddlewareQueue), Object(Cake\Http\ServerRequest), Object(Cake\Http\Response))
#12 /Volumes/DATA/projects/spc-usr.local/public_html/webroot/index.php(41): Cake\Http\Server->run()
#13 {main}


2017-11-07 14:16:35 Error: [Cake\Routing\Exception\MissingControllerException] Controller class Pages could not be found.
Exception Attributes: array (
  'class' => 'Pages',
  'plugin' => false,
  'prefix' => false,
  '_ext' => false,
)
Request URL: /
Stack Trace:
#0 /Volumes/DATA/cake_install/vendor/cakephp/cakephp/src/Http/ControllerFactory.php(38): Cake\Http\ControllerFactory->missingController(Object(Cake\Http\ServerRequest))
#1 /Volumes/DATA/cake_install/vendor/cakephp/cakephp/src/Http/ActionDispatcher.php(90): Cake\Http\ControllerFactory->create(Object(Cake\Http\ServerRequest), Object(Cake\Http\Response))
#2 /Volumes/DATA/cake_install/vendor/cakephp/cakephp/src/Http/BaseApplication.php(108): Cake\Http\ActionDispatcher->dispatch(Object(Cake\Http\ServerRequest), Object(Cake\Http\Response))
#3 /Volumes/DATA/cake_install/vendor/cakephp/cakephp/src/Http/Runner.php(65): Cake\Http\BaseApplication->__invoke(Object(Cake\Http\ServerRequest), Object(Cake\Http\Response), Object(Cake\Http\Runner))
#4 /Volumes/DATA/cake_install/vendor/cakephp/cakephp/src/Routing/Middleware/RoutingMiddleware.php(104): Cake\Http\Runner->__invoke(Object(Cake\Http\ServerRequest), Object(Cake\Http\Response))
#5 /Volumes/DATA/cake_install/vendor/cakephp/cakephp/src/Http/Runner.php(65): Cake\Routing\Middleware\RoutingMiddleware->__invoke(Object(Cake\Http\ServerRequest), Object(Cake\Http\Response), Object(Cake\Http\Runner))
#6 /Volumes/DATA/cake_install/vendor/cakephp/cakephp/src/Routing/Middleware/AssetMiddleware.php(88): Cake\Http\Runner->__invoke(Object(Cake\Http\ServerRequest), Object(Cake\Http\Response))
#7 /Volumes/DATA/cake_install/vendor/cakephp/cakephp/src/Http/Runner.php(65): Cake\Routing\Middleware\AssetMiddleware->__invoke(Object(Cake\Http\ServerRequest), Object(Cake\Http\Response), Object(Cake\Http\Runner))
#8 /Volumes/DATA/cake_install/vendor/cakephp/cakephp/src/Error/Middleware/ErrorHandlerMiddleware.php(95): Cake\Http\Runner->__invoke(Object(Cake\Http\ServerRequest), Object(Cake\Http\Response))
#9 /Volumes/DATA/cake_install/vendor/cakephp/cakephp/src/Http/Runner.php(65): Cake\Error\Middleware\ErrorHandlerMiddleware->__invoke(Object(Cake\Http\ServerRequest), Object(Cake\Http\Response), Object(Cake\Http\Runner))
#10 /Volumes/DATA/cake_install/vendor/cakephp/cakephp/src/Http/Runner.php(51): Cake\Http\Runner->__invoke(Object(Cake\Http\ServerRequest), Object(Cake\Http\Response))
#11 /Volumes/DATA/cake_install/vendor/cakephp/cakephp/src/Http/Server.php(81): Cake\Http\Runner->run(Object(Cake\Http\MiddlewareQueue), Object(Cake\Http\ServerRequest), Object(Cake\Http\Response))
#12 /Volumes/DATA/projects/spc-usr.local/public_html/webroot/index.php(41): Cake\Http\Server->run()
#13 {main}


2017-11-07 14:28:20 Error: [Cake\Routing\Exception\MissingControllerException] Controller class Pages could not be found.
Exception Attributes: array (
  'class' => 'Pages',
  'plugin' => false,
  'prefix' => false,
  '_ext' => false,
)
Request URL: /
Stack Trace:
#0 /Volumes/DATA/cake_install/vendor/cakephp/cakephp/src/Http/ControllerFactory.php(38): Cake\Http\ControllerFactory->missingController(Object(Cake\Http\ServerRequest))
#1 /Volumes/DATA/cake_install/vendor/cakephp/cakephp/src/Http/ActionDispatcher.php(90): Cake\Http\ControllerFactory->create(Object(Cake\Http\ServerRequest), Object(Cake\Http\Response))
#2 /Volumes/DATA/cake_install/vendor/cakephp/cakephp/src/Http/BaseApplication.php(108): Cake\Http\ActionDispatcher->dispatch(Object(Cake\Http\ServerRequest), Object(Cake\Http\Response))
#3 /Volumes/DATA/cake_install/vendor/cakephp/cakephp/src/Http/Runner.php(65): Cake\Http\BaseApplication->__invoke(Object(Cake\Http\ServerRequest), Object(Cake\Http\Response), Object(Cake\Http\Runner))
#4 /Volumes/DATA/cake_install/vendor/cakephp/cakephp/src/Routing/Middleware/RoutingMiddleware.php(104): Cake\Http\Runner->__invoke(Object(Cake\Http\ServerRequest), Object(Cake\Http\Response))
#5 /Volumes/DATA/cake_install/vendor/cakephp/cakephp/src/Http/Runner.php(65): Cake\Routing\Middleware\RoutingMiddleware->__invoke(Object(Cake\Http\ServerRequest), Object(Cake\Http\Response), Object(Cake\Http\Runner))
#6 /Volumes/DATA/cake_install/vendor/cakephp/cakephp/src/Routing/Middleware/AssetMiddleware.php(88): Cake\Http\Runner->__invoke(Object(Cake\Http\ServerRequest), Object(Cake\Http\Response))
#7 /Volumes/DATA/cake_install/vendor/cakephp/cakephp/src/Http/Runner.php(65): Cake\Routing\Middleware\AssetMiddleware->__invoke(Object(Cake\Http\ServerRequest), Object(Cake\Http\Response), Object(Cake\Http\Runner))
#8 /Volumes/DATA/cake_install/vendor/cakephp/cakephp/src/Error/Middleware/ErrorHandlerMiddleware.php(95): Cake\Http\Runner->__invoke(Object(Cake\Http\ServerRequest), Object(Cake\Http\Response))
#9 /Volumes/DATA/cake_install/vendor/cakephp/cakephp/src/Http/Runner.php(65): Cake\Error\Middleware\ErrorHandlerMiddleware->__invoke(Object(Cake\Http\ServerRequest), Object(Cake\Http\Response), Object(Cake\Http\Runner))
#10 /Volumes/DATA/cake_install/vendor/cakephp/cakephp/src/Http/Runner.php(51): Cake\Http\Runner->__invoke(Object(Cake\Http\ServerRequest), Object(Cake\Http\Response))
#11 /Volumes/DATA/cake_install/vendor/cakephp/cakephp/src/Http/Server.php(81): Cake\Http\Runner->run(Object(Cake\Http\MiddlewareQueue), Object(Cake\Http\ServerRequest), Object(Cake\Http\Response))
#12 /Volumes/DATA/projects/spc-usr.local/public_html/webroot/index.php(41): Cake\Http\Server->run()
#13 {main}


2017-11-07 14:49:07 Error: [Cake\Routing\Exception\MissingControllerException] Controller class Pages could not be found.
Exception Attributes: array (
  'class' => 'Pages',
  'plugin' => false,
  'prefix' => false,
  '_ext' => false,
)
Request URL: /
Stack Trace:
#0 /Volumes/DATA/cake_install/vendor/cakephp/cakephp/src/Http/ControllerFactory.php(38): Cake\Http\ControllerFactory->missingController(Object(Cake\Http\ServerRequest))
#1 /Volumes/DATA/cake_install/vendor/cakephp/cakephp/src/Http/ActionDispatcher.php(90): Cake\Http\ControllerFactory->create(Object(Cake\Http\ServerRequest), Object(Cake\Http\Response))
#2 /Volumes/DATA/cake_install/vendor/cakephp/cakephp/src/Http/BaseApplication.php(108): Cake\Http\ActionDispatcher->dispatch(Object(Cake\Http\ServerRequest), Object(Cake\Http\Response))
#3 /Volumes/DATA/cake_install/vendor/cakephp/cakephp/src/Http/Runner.php(65): Cake\Http\BaseApplication->__invoke(Object(Cake\Http\ServerRequest), Object(Cake\Http\Response), Object(Cake\Http\Runner))
#4 /Volumes/DATA/cake_install/vendor/cakephp/cakephp/src/Routing/Middleware/RoutingMiddleware.php(104): Cake\Http\Runner->__invoke(Object(Cake\Http\ServerRequest), Object(Cake\Http\Response))
#5 /Volumes/DATA/cake_install/vendor/cakephp/cakephp/src/Http/Runner.php(65): Cake\Routing\Middleware\RoutingMiddleware->__invoke(Object(Cake\Http\ServerRequest), Object(Cake\Http\Response), Object(Cake\Http\Runner))
#6 /Volumes/DATA/cake_install/vendor/cakephp/cakephp/src/Routing/Middleware/AssetMiddleware.php(88): Cake\Http\Runner->__invoke(Object(Cake\Http\ServerRequest), Object(Cake\Http\Response))
#7 /Volumes/DATA/cake_install/vendor/cakephp/cakephp/src/Http/Runner.php(65): Cake\Routing\Middleware\AssetMiddleware->__invoke(Object(Cake\Http\ServerRequest), Object(Cake\Http\Response), Object(Cake\Http\Runner))
#8 /Volumes/DATA/cake_install/vendor/cakephp/cakephp/src/Error/Middleware/ErrorHandlerMiddleware.php(95): Cake\Http\Runner->__invoke(Object(Cake\Http\ServerRequest), Object(Cake\Http\Response))
#9 /Volumes/DATA/cake_install/vendor/cakephp/cakephp/src/Http/Runner.php(65): Cake\Error\Middleware\ErrorHandlerMiddleware->__invoke(Object(Cake\Http\ServerRequest), Object(Cake\Http\Response), Object(Cake\Http\Runner))
#10 /Volumes/DATA/cake_install/vendor/cakephp/cakephp/src/Http/Runner.php(51): Cake\Http\Runner->__invoke(Object(Cake\Http\ServerRequest), Object(Cake\Http\Response))
#11 /Volumes/DATA/cake_install/vendor/cakephp/cakephp/src/Http/Server.php(81): Cake\Http\Runner->run(Object(Cake\Http\MiddlewareQueue), Object(Cake\Http\ServerRequest), Object(Cake\Http\Response))
#12 /Volumes/DATA/projects/spc-usr.local/public_html/webroot/index.php(41): Cake\Http\Server->run()
#13 {main}


